<?xml version="1.0" encoding="UTF-8"?>
<!-- Generated by org.testng.reporters.JUnitXMLReporter -->
<testsuite ignored="4" hostname="LTIN248952" failures="0" tests="13" name="chromeTest" time="264.058" errors="0" timestamp="2024-02-27T15:11:00 IST">
  <testcase classname="testCases.TC_001_TravelInsuranceTest" name="test_HomePage" time="0.606"/>
  <testcase classname="testCases.TC_001_TravelInsuranceTest" name="test_Destinations" time="39.77"/>
  <testcase classname="testCases.TC_001_TravelInsuranceTest" name="test_TripDate" time="6.13"/>
  <testcase classname="testCases.TC_001_TravelInsuranceTest" name="test_Travellers" time="2.354"/>
  <testcase classname="testCases.TC_001_TravelInsuranceTest" name="test_MedicalHistory" time="0.259"/>
  <testcase classname="testCases.TC_001_TravelInsuranceTest" name="test_contactDetails" time="1.768"/>
  <testcase classname="testCases.TC_001_TravelInsuranceTest" name="test_StudentPlans" time="16.795"/>
  <testcase classname="testCases.TC_001_TravelInsuranceTest" name="test_DisplayTravelInsurance" time="3.464"/>
  <testcase classname="testCases.TC_002_CarInsuranceTest" name="test_HomePage" time="39.964"/>
  <testcase classname="testCases.TC_002_CarInsuranceTest" name="test_carQuote" time="42.955"/>
  <testcase classname="testCases.TC_002_CarInsuranceTest" name="test_userDetails" time="1.046"/>
  <testcase classname="testCases.TC_002_CarInsuranceTest" name="test_captureErrorMsg" time="0.073"/>
  <testcase classname="testCases.TC_003_HealthInsuranceTest" name="test_MenuItems" time="53.537"/>
  <testcase classname="testbase.BaseClass" name="@AfterTest tearDown" time="0.0">
    <ignored/>
  </testcase> <!-- @AfterTest tearDown -->
  <testcase classname="testbase.BaseClass" name="@AfterTest tearDown" time="0.0">
    <ignored/>
  </testcase> <!-- @AfterTest tearDown -->
  <testcase classname="testbase.BaseClass" name="@BeforeTest setup" time="0.0">
    <ignored/>
  </testcase> <!-- @BeforeTest setup -->
  <testcase classname="testbase.BaseClass" name="@BeforeTest setup" time="0.0">
    <ignored/>
  </testcase> <!-- @BeforeTest setup -->
</testsuite> <!-- chromeTest -->
