<?xml version="1.0" encoding="UTF-8"?>
<!-- Generated by org.testng.reporters.JUnitXMLReporter -->
<testsuite ignored="4" hostname="LTIN248952" failures="0" tests="13" name="edgeTest" time="231.25" errors="0" timestamp="2024-02-27T15:14:52 IST">
  <testcase classname="testCases.TC_001_TravelInsuranceTest" name="test_HomePage" time="0.503"/>
  <testcase classname="testCases.TC_001_TravelInsuranceTest" name="test_Destinations" time="56.86"/>
  <testcase classname="testCases.TC_001_TravelInsuranceTest" name="test_TripDate" time="4.845"/>
  <testcase classname="testCases.TC_001_TravelInsuranceTest" name="test_Travellers" time="1.818"/>
  <testcase classname="testCases.TC_001_TravelInsuranceTest" name="test_MedicalHistory" time="0.234"/>
  <testcase classname="testCases.TC_001_TravelInsuranceTest" name="test_contactDetails" time="1.196"/>
  <testcase classname="testCases.TC_001_TravelInsuranceTest" name="test_StudentPlans" time="14.802"/>
  <testcase classname="testCases.TC_001_TravelInsuranceTest" name="test_DisplayTravelInsurance" time="3.282"/>
  <testcase classname="testCases.TC_002_CarInsuranceTest" name="test_HomePage" time="33.726"/>
  <testcase classname="testCases.TC_002_CarInsuranceTest" name="test_carQuote" time="7.335"/>
  <testcase classname="testCases.TC_002_CarInsuranceTest" name="test_userDetails" time="1.134"/>
  <testcase classname="testCases.TC_002_CarInsuranceTest" name="test_captureErrorMsg" time="0.134"/>
  <testcase classname="testCases.TC_003_HealthInsuranceTest" name="test_MenuItems" time="55.222"/>
  <testcase classname="testbase.BaseClass" name="@AfterTest tearDown" time="0.0">
    <ignored/>
  </testcase> <!-- @AfterTest tearDown -->
  <testcase classname="testbase.BaseClass" name="@AfterTest tearDown" time="0.0">
    <ignored/>
  </testcase> <!-- @AfterTest tearDown -->
  <testcase classname="testbase.BaseClass" name="@BeforeTest setup" time="0.0">
    <ignored/>
  </testcase> <!-- @BeforeTest setup -->
  <testcase classname="testbase.BaseClass" name="@BeforeTest setup" time="0.0">
    <ignored/>
  </testcase> <!-- @BeforeTest setup -->
</testsuite> <!-- edgeTest -->
