<?xml version="1.0" encoding="UTF-8"?>
<!-- Generated by org.testng.reporters.JUnitXMLReporter -->
<testsuite ignored="4" hostname="LTIN248952" failures="0" tests="18" name="Test" time="90.486" errors="0" timestamp="2024-02-29T16:29:34 IST">
  <testcase classname="testCases.TC_001_TravelInsuranceTest" name="test_HomePage" time="1.36"/>
  <testcase classname="testCases.TC_001_TravelInsuranceTest" name="test_Destinations" time="4.442"/>
  <testcase classname="testCases.TC_001_TravelInsuranceTest" name="test_TripDate" time="7.74"/>
  <testcase classname="testCases.TC_001_TravelInsuranceTest" name="test_Travellers" time="8.219"/>
  <testcase classname="testCases.TC_001_TravelInsuranceTest" name="test_MedicalHistory" time="0.486"/>
  <testcase classname="testCases.TC_001_TravelInsuranceTest" name="test_contactDetails" time="1.663"/>
  <testcase classname="testCases.TC_001_TravelInsuranceTest" name="test_StudentPlans" time="12.134"/>
  <testcase classname="testCases.TC_001_TravelInsuranceTest" name="test_DisplayTravelInsurance" time="4.325"/>
  <testcase classname="testCases.TC_002_CarInsuranceTest" name="test_HomePage" time="4.603"/>
  <testcase classname="testCases.TC_002_CarInsuranceTest" name="test_carQuote" time="4.432"/>
  <testcase classname="testCases.TC_002_CarInsuranceTest" name="test_carCityAndRto" time="0.349"/>
  <testcase classname="testCases.TC_002_CarInsuranceTest" name="test_carBrand" time="0.182"/>
  <testcase classname="testCases.TC_002_CarInsuranceTest" name="test_carModel" time="0.31"/>
  <testcase classname="testCases.TC_002_CarInsuranceTest" name="test_carFuelType" time="0.329"/>
  <testcase classname="testCases.TC_002_CarInsuranceTest" name="test_carVariant" time="0.219"/>
  <testcase classname="testCases.TC_002_CarInsuranceTest" name="test_userDetails" time="2.287"/>
  <testcase classname="testCases.TC_002_CarInsuranceTest" name="test_captureErrorMsg" time="0.058"/>
  <testcase classname="testCases.TC_003_HealthInsuranceTest" name="test_MenuItems" time="11.107"/>
  <testcase classname="testbase.BaseClass" name="@BeforeTest setup" time="0.0">
    <ignored/>
  </testcase> <!-- @BeforeTest setup -->
  <testcase classname="testbase.BaseClass" name="@AfterTest teardown" time="0.0">
    <ignored/>
  </testcase> <!-- @AfterTest teardown -->
  <testcase classname="testbase.BaseClass" name="@AfterTest teardown" time="0.0">
    <ignored/>
  </testcase> <!-- @AfterTest teardown -->
  <testcase classname="testbase.BaseClass" name="@BeforeTest setup" time="0.0">
    <ignored/>
  </testcase> <!-- @BeforeTest setup -->
</testsuite> <!-- Test -->
